1776442674.848914 client started (314986): version 3.6, socket /tmp/tmux-1061/default, protocol 8
1776442674.848965 on Linux 5.15.0-139-generic #149~20.04.1-Ubuntu SMP Wed Apr 16 08:29:56 UTC 2025
1776442674.848979 using libevent 2.1.12-stable poll
1776442674.848990 using ncurses 6.5 20240427
1776442674.849038 flags are 0x18010000
1776442674.849048 socket is /tmp/tmux-1061/default
1776442674.849071 trying connect
1776442674.849125 add peer 0x55c279e42cb0: 6 ((nil))
1776442674.849807 sending message 111 to peer 0x55c279e42cb0 (8 bytes)
1776442674.849833 sending message 111 to peer 0x55c279e42cb0 (8 bytes)
1776442674.849845 sending message 101 to peer 0x55c279e42cb0 (15 bytes)
1776442674.849856 sending message 109 to peer 0x55c279e42cb0 (4 bytes)
1776442674.849868 sending message 102 to peer 0x55c279e42cb0 (12 bytes)
1776442674.849879 sending message 108 to peer 0x55c279e42cb0 (44 bytes)
1776442674.849890 sending message 112 to peer 0x55c279e42cb0 (58 bytes)
1776442674.849901 sending message 112 to peer 0x55c279e42cb0 (5 bytes)
1776442674.849912 sending message 112 to peer 0x55c279e42cb0 (5 bytes)
1776442674.849925 sending message 112 to peer 0x55c279e42cb0 (6 bytes)
1776442674.849936 sending message 112 to peer 0x55c279e42cb0 (6 bytes)
1776442674.849947 sending message 112 to peer 0x55c279e42cb0 (11 bytes)
1776442674.849958 sending message 112 to peer 0x55c279e42cb0 (10 bytes)
1776442674.849969 sending message 112 to peer 0x55c279e42cb0 (13 bytes)
1776442674.849981 sending message 112 to peer 0x55c279e42cb0 (14 bytes)
1776442674.849993 sending message 112 to peer 0x55c279e42cb0 (19 bytes)
1776442674.850004 sending message 112 to peer 0x55c279e42cb0 (11 bytes)
1776442674.850014 sending message 112 to peer 0x55c279e42cb0 (10 bytes)
1776442674.850025 sending message 112 to peer 0x55c279e42cb0 (15 bytes)
1776442674.850036 sending message 112 to peer 0x55c279e42cb0 (21 bytes)
1776442674.850047 sending message 112 to peer 0x55c279e42cb0 (13 bytes)
1776442674.850058 sending message 112 to peer 0x55c279e42cb0 (7 bytes)
1776442674.850069 sending message 112 to peer 0x55c279e42cb0 (13 bytes)
1776442674.850080 sending message 112 to peer 0x55c279e42cb0 (7 bytes)
1776442674.850091 sending message 112 to peer 0x55c279e42cb0 (13 bytes)
1776442674.850102 sending message 112 to peer 0x55c279e42cb0 (9 bytes)
1776442674.850114 sending message 112 to peer 0x55c279e42cb0 (21 bytes)
1776442674.850124 sending message 112 to peer 0x55c279e42cb0 (13 bytes)
1776442674.850135 sending message 112 to peer 0x55c279e42cb0 (9 bytes)
1776442674.850146 sending message 112 to peer 0x55c279e42cb0 (16 bytes)
1776442674.850158 sending message 112 to peer 0x55c279e42cb0 (13 bytes)
1776442674.850169 sending message 112 to peer 0x55c279e42cb0 (9 bytes)
1776442674.850180 sending message 112 to peer 0x55c279e42cb0 (9 bytes)
1776442674.850190 sending message 112 to peer 0x55c279e42cb0 (12 bytes)
1776442674.850201 sending message 112 to peer 0x55c279e42cb0 (8 bytes)
1776442674.850212 sending message 112 to peer 0x55c279e42cb0 (8 bytes)
1776442674.850222 sending message 112 to peer 0x55c279e42cb0 (13 bytes)
1776442674.850234 sending message 112 to peer 0x55c279e42cb0 (7 bytes)
1776442674.850244 sending message 112 to peer 0x55c279e42cb0 (7 bytes)
1776442674.850255 sending message 112 to peer 0x55c279e42cb0 (9 bytes)
1776442674.850266 sending message 112 to peer 0x55c279e42cb0 (9 bytes)
1776442674.850278 sending message 112 to peer 0x55c279e42cb0 (15 bytes)
1776442674.850289 sending message 112 to peer 0x55c279e42cb0 (13 bytes)
1776442674.850300 sending message 112 to peer 0x55c279e42cb0 (12 bytes)
1776442674.850312 sending message 112 to peer 0x55c279e42cb0 (8 bytes)
1776442674.850324 sending message 112 to peer 0x55c279e42cb0 (14 bytes)
1776442674.850335 sending message 112 to peer 0x55c279e42cb0 (11 bytes)
1776442674.850346 sending message 112 to peer 0x55c279e42cb0 (9 bytes)
1776442674.850356 sending message 112 to peer 0x55c279e42cb0 (10 bytes)
1776442674.850369 sending message 112 to peer 0x55c279e42cb0 (10 bytes)
1776442674.850382 sending message 112 to peer 0x55c279e42cb0 (10 bytes)
1776442674.850409 sending message 112 to peer 0x55c279e42cb0 (10 bytes)
1776442674.850421 sending message 112 to peer 0x55c279e42cb0 (11 bytes)
1776442674.850432 sending message 112 to peer 0x55c279e42cb0 (12 bytes)
1776442674.850444 sending message 112 to peer 0x55c279e42cb0 (12 bytes)
1776442674.850454 sending message 112 to peer 0x55c279e42cb0 (12 bytes)
1776442674.850465 sending message 112 to peer 0x55c279e42cb0 (12 bytes)
1776442674.850477 sending message 112 to peer 0x55c279e42cb0 (12 bytes)
1776442674.850487 sending message 112 to peer 0x55c279e42cb0 (11 bytes)
1776442674.850499 sending message 112 to peer 0x55c279e42cb0 (11 bytes)
1776442674.850510 sending message 112 to peer 0x55c279e42cb0 (12 bytes)
1776442674.850521 sending message 112 to peer 0x55c279e42cb0 (12 bytes)
1776442674.850532 sending message 112 to peer 0x55c279e42cb0 (12 bytes)
1776442674.850543 sending message 112 to peer 0x55c279e42cb0 (12 bytes)
1776442674.850555 sending message 112 to peer 0x55c279e42cb0 (12 bytes)
1776442674.850566 sending message 112 to peer 0x55c279e42cb0 (9 bytes)
1776442674.850578 sending message 112 to peer 0x55c279e42cb0 (12 bytes)
1776442674.850589 sending message 112 to peer 0x55c279e42cb0 (13 bytes)
1776442674.850600 sending message 112 to peer 0x55c279e42cb0 (13 bytes)
1776442674.850610 sending message 112 to peer 0x55c279e42cb0 (13 bytes)
1776442674.850622 sending message 112 to peer 0x55c279e42cb0 (13 bytes)
1776442674.850633 sending message 112 to peer 0x55c279e42cb0 (13 bytes)
1776442674.850644 sending message 112 to peer 0x55c279e42cb0 (8 bytes)
1776442674.850656 sending message 112 to peer 0x55c279e42cb0 (11 bytes)
1776442674.850667 sending message 112 to peer 0x55c279e42cb0 (11 bytes)
1776442674.850678 sending message 112 to peer 0x55c279e42cb0 (11 bytes)
1776442674.850689 sending message 112 to peer 0x55c279e42cb0 (12 bytes)
1776442674.850700 sending message 112 to peer 0x55c279e42cb0 (12 bytes)
1776442674.850710 sending message 112 to peer 0x55c279e42cb0 (12 bytes)
1776442674.850721 sending message 112 to peer 0x55c279e42cb0 (12 bytes)
1776442674.850733 sending message 112 to peer 0x55c279e42cb0 (13 bytes)
1776442674.850744 sending message 112 to peer 0x55c279e42cb0 (13 bytes)
1776442674.850757 sending message 112 to peer 0x55c279e42cb0 (13 bytes)
1776442674.850767 sending message 112 to peer 0x55c279e42cb0 (8 bytes)
1776442674.850779 sending message 112 to peer 0x55c279e42cb0 (13 bytes)
1776442674.850790 sending message 112 to peer 0x55c279e42cb0 (13 bytes)
1776442674.850801 sending message 112 to peer 0x55c279e42cb0 (13 bytes)
1776442674.850813 sending message 112 to peer 0x55c279e42cb0 (13 bytes)
1776442674.850824 sending message 112 to peer 0x55c279e42cb0 (13 bytes)
1776442674.850836 sending message 112 to peer 0x55c279e42cb0 (12 bytes)
1776442674.850847 sending message 112 to peer 0x55c279e42cb0 (12 bytes)
1776442674.850859 sending message 112 to peer 0x55c279e42cb0 (12 bytes)
1776442674.850870 sending message 112 to peer 0x55c279e42cb0 (12 bytes)
1776442674.850881 sending message 112 to peer 0x55c279e42cb0 (13 bytes)
1776442674.850892 sending message 112 to peer 0x55c279e42cb0 (8 bytes)
1776442674.850903 sending message 112 to peer 0x55c279e42cb0 (13 bytes)
1776442674.850915 sending message 112 to peer 0x55c279e42cb0 (13 bytes)
1776442674.850925 sending message 112 to peer 0x55c279e42cb0 (13 bytes)
1776442674.850936 sending message 112 to peer 0x55c279e42cb0 (13 bytes)
1776442674.850947 sending message 112 to peer 0x55c279e42cb0 (13 bytes)
1776442674.850959 sending message 112 to peer 0x55c279e42cb0 (13 bytes)
1776442674.850969 sending message 112 to peer 0x55c279e42cb0 (13 bytes)
1776442674.850981 sending message 112 to peer 0x55c279e42cb0 (12 bytes)
1776442674.850994 sending message 112 to peer 0x55c279e42cb0 (12 bytes)
1776442674.851004 sending message 112 to peer 0x55c279e42cb0 (12 bytes)
1776442674.851016 sending message 112 to peer 0x55c279e42cb0 (8 bytes)
1776442674.851027 sending message 112 to peer 0x55c279e42cb0 (12 bytes)
1776442674.851038 sending message 112 to peer 0x55c279e42cb0 (13 bytes)
1776442674.851059 sending message 112 to peer 0x55c279e42cb0 (13 bytes)
1776442674.851071 sending message 112 to peer 0x55c279e42cb0 (13 bytes)
1776442674.851082 sending message 112 to peer 0x55c279e42cb0 (13 bytes)
1776442674.851094 sending message 112 to peer 0x55c279e42cb0 (13 bytes)
1776442674.851105 sending message 112 to peer 0x55c279e42cb0 (13 bytes)
1776442674.851116 sending message 112 to peer 0x55c279e42cb0 (13 bytes)
1776442674.851127 sending message 112 to peer 0x55c279e42cb0 (13 bytes)
1776442674.851138 sending message 112 to peer 0x55c279e42cb0 (12 bytes)
1776442674.851150 sending message 112 to peer 0x55c279e42cb0 (10 bytes)
1776442674.851161 sending message 112 to peer 0x55c279e42cb0 (12 bytes)
1776442674.851172 sending message 112 to peer 0x55c279e42cb0 (12 bytes)
1776442674.851182 sending message 112 to peer 0x55c279e42cb0 (12 bytes)
1776442674.851193 sending message 112 to peer 0x55c279e42cb0 (13 bytes)
1776442674.851204 sending message 112 to peer 0x55c279e42cb0 (13 bytes)
1776442674.851216 sending message 112 to peer 0x55c279e42cb0 (13 bytes)
1776442674.851228 sending message 112 to peer 0x55c279e42cb0 (13 bytes)
1776442674.851239 sending message 112 to peer 0x55c279e42cb0 (13 bytes)
1776442674.851253 sending message 112 to peer 0x55c279e42cb0 (13 bytes)
1776442674.851264 sending message 112 to peer 0x55c279e42cb0 (13 bytes)
1776442674.851275 sending message 112 to peer 0x55c279e42cb0 (10 bytes)
1776442674.851285 sending message 112 to peer 0x55c279e42cb0 (13 bytes)
1776442674.851297 sending message 112 to peer 0x55c279e42cb0 (12 bytes)
1776442674.851308 sending message 112 to peer 0x55c279e42cb0 (12 bytes)
1776442674.851319 sending message 112 to peer 0x55c279e42cb0 (12 bytes)
1776442674.851332 sending message 112 to peer 0x55c279e42cb0 (10 bytes)
1776442674.851342 sending message 112 to peer 0x55c279e42cb0 (10 bytes)
1776442674.851353 sending message 112 to peer 0x55c279e42cb0 (10 bytes)
1776442674.851364 sending message 112 to peer 0x55c279e42cb0 (12 bytes)
1776442674.851375 sending message 112 to peer 0x55c279e42cb0 (13 bytes)
1776442674.851387 sending message 112 to peer 0x55c279e42cb0 (13 bytes)
1776442674.851398 sending message 112 to peer 0x55c279e42cb0 (13 bytes)
1776442674.851410 sending message 112 to peer 0x55c279e42cb0 (13 bytes)
1776442674.851421 sending message 112 to peer 0x55c279e42cb0 (13 bytes)
1776442674.851432 sending message 112 to peer 0x55c279e42cb0 (10 bytes)
1776442674.851443 sending message 112 to peer 0x55c279e42cb0 (11 bytes)
1776442674.851454 sending message 112 to peer 0x55c279e42cb0 (12 bytes)
1776442674.851466 sending message 112 to peer 0x55c279e42cb0 (12 bytes)
1776442674.851477 sending message 112 to peer 0x55c279e42cb0 (12 bytes)
1776442674.851490 sending message 112 to peer 0x55c279e42cb0 (12 bytes)
1776442674.851500 sending message 112 to peer 0x55c279e42cb0 (12 bytes)
1776442674.851512 sending message 112 to peer 0x55c279e42cb0 (11 bytes)
1776442674.851523 sending message 112 to peer 0x55c279e42cb0 (12 bytes)
1776442674.851534 sending message 112 to peer 0x55c279e42cb0 (12 bytes)
1776442674.851546 sending message 112 to peer 0x55c279e42cb0 (13 bytes)
1776442674.851557 sending message 112 to peer 0x55c279e42cb0 (13 bytes)
1776442674.851568 sending message 112 to peer 0x55c279e42cb0 (13 bytes)
1776442674.851579 sending message 112 to peer 0x55c279e42cb0 (13 bytes)
1776442674.851590 sending message 112 to peer 0x55c279e42cb0 (13 bytes)
1776442674.851601 sending message 112 to peer 0x55c279e42cb0 (10 bytes)
1776442674.851612 sending message 112 to peer 0x55c279e42cb0 (9 bytes)
1776442674.851624 sending message 112 to peer 0x55c279e42cb0 (12 bytes)
1776442674.851635 sending message 112 to peer 0x55c279e42cb0 (13 bytes)
1776442674.851647 sending message 112 to peer 0x55c279e42cb0 (13 bytes)
1776442674.851657 sending message 112 to peer 0x55c279e42cb0 (13 bytes)
1776442674.851668 sending message 112 to peer 0x55c279e42cb0 (13 bytes)
1776442674.851679 sending message 112 to peer 0x55c279e42cb0 (13 bytes)
1776442674.851690 sending message 112 to peer 0x55c279e42cb0 (9 bytes)
1776442674.851709 sending message 112 to peer 0x55c279e42cb0 (12 bytes)
1776442674.851720 sending message 112 to peer 0x55c279e42cb0 (13 bytes)
1776442674.851731 sending message 112 to peer 0x55c279e42cb0 (13 bytes)
1776442674.851743 sending message 112 to peer 0x55c279e42cb0 (13 bytes)
1776442674.851754 sending message 112 to peer 0x55c279e42cb0 (13 bytes)
1776442674.851765 sending message 112 to peer 0x55c279e42cb0 (13 bytes)
1776442674.851776 sending message 112 to peer 0x55c279e42cb0 (11 bytes)
1776442674.851787 sending message 112 to peer 0x55c279e42cb0 (12 bytes)
1776442674.851797 sending message 112 to peer 0x55c279e42cb0 (13 bytes)
1776442674.851809 sending message 112 to peer 0x55c279e42cb0 (13 bytes)
1776442674.851821 sending message 112 to peer 0x55c279e42cb0 (13 bytes)
1776442674.851833 sending message 112 to peer 0x55c279e42cb0 (13 bytes)
1776442674.851846 sending message 112 to peer 0x55c279e42cb0 (13 bytes)
1776442674.851856 sending message 112 to peer 0x55c279e42cb0 (11 bytes)
1776442674.851867 sending message 112 to peer 0x55c279e42cb0 (12 bytes)
1776442674.851878 sending message 112 to peer 0x55c279e42cb0 (12 bytes)
1776442674.851889 sending message 112 to peer 0x55c279e42cb0 (12 bytes)
1776442674.851899 sending message 112 to peer 0x55c279e42cb0 (12 bytes)
1776442674.851910 sending message 112 to peer 0x55c279e42cb0 (12 bytes)
1776442674.851923 sending message 112 to peer 0x55c279e42cb0 (21 bytes)
1776442674.851934 sending message 112 to peer 0x55c279e42cb0 (12 bytes)
1776442674.851946 sending message 112 to peer 0x55c279e42cb0 (9 bytes)
1776442674.851956 sending message 112 to peer 0x55c279e42cb0 (6 bytes)
1776442674.851968 sending message 112 to peer 0x55c279e42cb0 (13 bytes)
1776442674.851979 sending message 112 to peer 0x55c279e42cb0 (10 bytes)
1776442674.851990 sending message 112 to peer 0x55c279e42cb0 (24 bytes)
1776442674.852003 sending message 112 to peer 0x55c279e42cb0 (13 bytes)
1776442674.852013 sending message 112 to peer 0x55c279e42cb0 (9 bytes)
1776442674.852025 sending message 112 to peer 0x55c279e42cb0 (70 bytes)
1776442674.852036 sending message 112 to peer 0x55c279e42cb0 (69 bytes)
1776442674.852048 sending message 112 to peer 0x55c279e42cb0 (12 bytes)
1776442674.852060 sending message 112 to peer 0x55c279e42cb0 (10 bytes)
1776442674.852070 sending message 112 to peer 0x55c279e42cb0 (10 bytes)
1776442674.852083 sending message 112 to peer 0x55c279e42cb0 (24 bytes)
1776442674.852094 sending message 112 to peer 0x55c279e42cb0 (13 bytes)
1776442674.852105 sending message 112 to peer 0x55c279e42cb0 (10 bytes)
1776442674.852116 sending message 112 to peer 0x55c279e42cb0 (10 bytes)
1776442674.852128 sending message 112 to peer 0x55c279e42cb0 (10 bytes)
1776442674.852139 sending message 112 to peer 0x55c279e42cb0 (13 bytes)
1776442674.852150 sending message 112 to peer 0x55c279e42cb0 (15 bytes)
1776442674.852162 sending message 112 to peer 0x55c279e42cb0 (5 bytes)
1776442674.852176 sending message 104 to peer 0x55c279e42cb0 (0 bytes)
1776442674.852189 sending message 110 to peer 0x55c279e42cb0 (0 bytes)
1776442674.852204 sending message 107 to peer 0x55c279e42cb0 (4 bytes)
1776442674.852215 sending message 105 to peer 0x55c279e42cb0 (16 bytes)
1776442674.852226 sending message 105 to peer 0x55c279e42cb0 (20 bytes)
1776442674.852238 sending message 105 to peer 0x55c279e42cb0 (173 bytes)
1776442674.852250 sending message 105 to peer 0x55c279e42cb0 (29 bytes)
1776442674.852261 sending message 105 to peer 0x55c279e42cb0 (46 bytes)
1776442674.852272 sending message 105 to peer 0x55c279e42cb0 (7 bytes)
1776442674.852283 sending message 105 to peer 0x55c279e42cb0 (18 bytes)
1776442674.852294 sending message 105 to peer 0x55c279e42cb0 (33 bytes)
1776442674.852306 sending message 105 to peer 0x55c279e42cb0 (48 bytes)
1776442674.852318 sending message 105 to peer 0x55c279e42cb0 (17 bytes)
1776442674.852329 sending message 105 to peer 0x55c279e42cb0 (21 bytes)
1776442674.852340 sending message 105 to peer 0x55c279e42cb0 (39 bytes)
1776442674.852351 sending message 105 to peer 0x55c279e42cb0 (121 bytes)
1776442674.852372 sending message 105 to peer 0x55c279e42cb0 (126 bytes)
1776442674.852384 sending message 105 to peer 0x55c279e42cb0 (15 bytes)
1776442674.852395 sending message 105 to peer 0x55c279e42cb0 (20 bytes)
1776442674.852406 sending message 105 to peer 0x55c279e42cb0 (17 bytes)
1776442674.852418 sending message 105 to peer 0x55c279e42cb0 (1506 bytes)
1776442674.852464 sending message 105 to peer 0x55c279e42cb0 (61 bytes)
1776442674.852478 sending message 105 to peer 0x55c279e42cb0 (133 bytes)
1776442674.852489 sending message 105 to peer 0x55c279e42cb0 (30 bytes)
1776442674.852500 sending message 105 to peer 0x55c279e42cb0 (140 bytes)
1776442674.852512 sending message 105 to peer 0x55c279e42cb0 (50 bytes)
1776442674.852523 sending message 105 to peer 0x55c279e42cb0 (31 bytes)
1776442674.852534 sending message 105 to peer 0x55c279e42cb0 (35 bytes)
1776442674.852545 sending message 105 to peer 0x55c279e42cb0 (27 bytes)
1776442674.852556 sending message 105 to peer 0x55c279e42cb0 (47 bytes)
1776442674.852567 sending message 105 to peer 0x55c279e42cb0 (34 bytes)
1776442674.852578 sending message 105 to peer 0x55c279e42cb0 (38 bytes)
1776442674.852589 sending message 105 to peer 0x55c279e42cb0 (23 bytes)
1776442674.852600 sending message 105 to peer 0x55c279e42cb0 (20 bytes)
1776442674.852611 sending message 105 to peer 0x55c279e42cb0 (20 bytes)
1776442674.852622 sending message 105 to peer 0x55c279e42cb0 (11 bytes)
1776442674.852634 sending message 105 to peer 0x55c279e42cb0 (32 bytes)
1776442674.852645 sending message 105 to peer 0x55c279e42cb0 (14 bytes)
1776442674.852656 sending message 105 to peer 0x55c279e42cb0 (64 bytes)
1776442674.852667 sending message 105 to peer 0x55c279e42cb0 (14 bytes)
1776442674.852678 sending message 105 to peer 0x55c279e42cb0 (8 bytes)
1776442674.852689 sending message 105 to peer 0x55c279e42cb0 (21 bytes)
1776442674.852700 sending message 105 to peer 0x55c279e42cb0 (24 bytes)
1776442674.852712 sending message 105 to peer 0x55c279e42cb0 (54 bytes)
1776442674.852722 sending message 105 to peer 0x55c279e42cb0 (31 bytes)
1776442674.852734 sending message 105 to peer 0x55c279e42cb0 (186 bytes)
1776442674.852746 sending message 105 to peer 0x55c279e42cb0 (34 bytes)
1776442674.852757 sending message 105 to peer 0x55c279e42cb0 (23 bytes)
1776442674.852768 sending message 105 to peer 0x55c279e42cb0 (157 bytes)
1776442674.852779 sending message 105 to peer 0x55c279e42cb0 (65 bytes)
1776442674.852792 sending message 105 to peer 0x55c279e42cb0 (128 bytes)
1776442674.852804 sending message 105 to peer 0x55c279e42cb0 (627 bytes)
1776442674.852815 sending message 105 to peer 0x55c279e42cb0 (54 bytes)
1776442674.852826 sending message 105 to peer 0x55c279e42cb0 (20 bytes)
1776442674.852837 sending message 105 to peer 0x55c279e42cb0 (88 bytes)
1776442674.852850 sending message 105 to peer 0x55c279e42cb0 (37 bytes)
1776442674.852861 sending message 106 to peer 0x55c279e42cb0 (0 bytes)
1776442674.852982 sending message 200 to peer 0x55c279e42cb0 (4 bytes)
1776442674.852999 client loop enter
1776442674.853447 peer 0x55c279e42cb0 message 211
1776442674.853478 peer 0x55c279e42cb0 message 203
1776442674.853491 client loop exit
